
2016-08-13 15:05:53...installerHook: Could not find custom/install/install_hooks.php
2016-08-13 15:06:07...Begin System Check Process *************
2016-08-13 15:06:08...XML Parsing Support Found
2016-08-13 15:06:08...MBString Support Found
2016-08-13 15:06:08...ZIP Support Found
2016-08-13 15:06:08.../custom directory and subdirectory check passed
2016-08-13 15:06:08...cache directory and subdirectory check passed
2016-08-13 15:06:15.../module  directory and subdirectory check passed
2016-08-13 15:06:15.../upload directory check passed
2016-08-13 15:06:15.../zip check passed
2016-08-13 15:06:15...PCRE version check passed
2016-08-13 15:06:15...installerHook: Could not find custom/install/install_hooks.php
2016-08-13 15:06:15...php.ini location found. E:\xampp\php\php.ini
2016-08-13 15:06:15...Outputting HTML for System check
2016-08-13 15:06:15...No Errors were found *************
2016-08-13 15:06:16...installerHook: Could not find custom/install/install_hooks.php
2016-08-13 15:06:33...installerHook: Could not find custom/install/install_hooks.php
2016-08-13 15:07:35...Begin DB Check Process *************
2016-08-13 15:07:35...testing with mysql:mysqli
2016-08-13 15:07:35...Basic form info is valid, continuing Process.
2016-08-13 15:07:35...Testing user account...
2016-08-13 15:07:35...Connection made using  host: localhost, usr: root
2016-08-13 15:07:35...SUCCESS:: no errors detected!
2016-08-13 15:07:35...End DB Check Process *************
2016-08-13 15:07:35...installerHook: Could not find custom/install/install_hooks.php
2016-08-13 15:07:35...calling handleSugarConfig()
2016-08-13 15:07:35...calling handleHtaccess()
2016-08-13 15:07:35...calling handleDbCreateDatabase()
2016-08-13 15:07:36...looping through all the Beans and create their tables
2016-08-13 15:07:36...processing table acl_actions
2016-08-13 15:07:37...creating table acl_actions
2016-08-13 15:07:37...creating Relationship Meta for ACLAction
2016-08-13 15:07:37...processing table acl_roles
2016-08-13 15:07:37...creating table acl_roles
2016-08-13 15:07:37...creating Relationship Meta for ACLRole
2016-08-13 15:07:37...processing table relationships
2016-08-13 15:07:38...creating table relationships
2016-08-13 15:07:38...creating Relationship Meta for Relationship
2016-08-13 15:07:38...processing table leads
2016-08-13 15:07:40...creating table leads
2016-08-13 15:07:40...creating Relationship Meta for Lead
2016-08-13 15:07:41...processing table cases
2016-08-13 15:07:42...creating table cases
2016-08-13 15:07:42...creating Relationship Meta for Case
2016-08-13 15:07:43...processing table bugs
2016-08-13 15:07:44...creating table bugs
2016-08-13 15:07:44...creating Relationship Meta for Bug
2016-08-13 15:07:44...processing table users
2016-08-13 15:07:45...creating table users
2016-08-13 15:07:45...creating Relationship Meta for User
2016-08-13 15:07:46...processing table campaign_log
2016-08-13 15:07:46...creating table campaign_log
2016-08-13 15:07:46...creating Relationship Meta for CampaignLog
2016-08-13 15:07:46...processing table project
2016-08-13 15:07:47...creating table project
2016-08-13 15:07:47...creating Relationship Meta for Project
2016-08-13 15:07:47...processing table project_task
2016-08-13 15:07:49...creating table project_task
2016-08-13 15:07:49...creating Relationship Meta for ProjectTask
2016-08-13 15:07:49...processing table campaigns
2016-08-13 15:07:50...creating table campaigns
2016-08-13 15:07:50...creating Relationship Meta for Campaign
2016-08-13 15:07:52...processing table prospect_lists
2016-08-13 15:07:53...creating table prospect_lists
2016-08-13 15:07:53...creating Relationship Meta for ProspectList
2016-08-13 15:07:53...processing table prospects
2016-08-13 15:07:54...creating table prospects
2016-08-13 15:07:54...creating Relationship Meta for Prospect
2016-08-13 15:07:54...processing table email_marketing
2016-08-13 15:07:55...creating table email_marketing
2016-08-13 15:07:55...creating Relationship Meta for EmailMarketing
2016-08-13 15:07:55...processing table campaign_trkrs
2016-08-13 15:07:56...creating table campaign_trkrs
2016-08-13 15:07:56...creating Relationship Meta for CampaignTracker
2016-08-13 15:07:56...processing table releases
2016-08-13 15:07:56...creating table releases
2016-08-13 15:07:56...creating Relationship Meta for Release
2016-08-13 15:07:56...processing table emailman
2016-08-13 15:07:57...creating table emailman
2016-08-13 15:07:57...creating Relationship Meta for EmailMan
2016-08-13 15:07:57...processing table schedulers
2016-08-13 15:07:58...creating table schedulers
2016-08-13 15:07:58...creating Relationship Meta for Scheduler
2016-08-13 15:07:59...processing table job_queue
2016-08-13 15:07:59...creating table job_queue
2016-08-13 15:07:59...creating Relationship Meta for SchedulersJob
2016-08-13 15:07:59...processing table contacts
2016-08-13 15:08:01...creating table contacts
2016-08-13 15:08:01...creating Relationship Meta for Contact
2016-08-13 15:08:02...processing table accounts
2016-08-13 15:08:04...creating table accounts
2016-08-13 15:08:04...creating Relationship Meta for Account
2016-08-13 15:08:05...processing table opportunities
2016-08-13 15:08:08...creating table opportunities
2016-08-13 15:08:08...creating Relationship Meta for Opportunity
2016-08-13 15:08:09...processing table email_templates
2016-08-13 15:08:10...creating table email_templates
2016-08-13 15:08:10...creating Relationship Meta for EmailTemplate
2016-08-13 15:08:10...processing table notes
2016-08-13 15:08:11...creating table notes
2016-08-13 15:08:11...creating Relationship Meta for Note
2016-08-13 15:08:12...processing table calls
2016-08-13 15:08:13...creating table calls
2016-08-13 15:08:13...creating Relationship Meta for Call
2016-08-13 15:08:13...processing table emails
2016-08-13 15:08:14...creating table emails
2016-08-13 15:08:14...creating Relationship Meta for Email
2016-08-13 15:08:14...processing table meetings
2016-08-13 15:08:15...creating table meetings
2016-08-13 15:08:15...creating Relationship Meta for Meeting
2016-08-13 15:08:16...processing table tasks
2016-08-13 15:08:17...creating table tasks
2016-08-13 15:08:17...creating Relationship Meta for Task
2016-08-13 15:08:17...processing table users
2016-08-13 15:08:17...processing table users
2016-08-13 15:08:17...processing table currencies
2016-08-13 15:08:19...creating table currencies
2016-08-13 15:08:19...creating Relationship Meta for Currency
2016-08-13 15:08:19...processing table tracker
2016-08-13 15:08:20...creating table tracker
2016-08-13 15:08:20...creating Relationship Meta for Tracker
2016-08-13 15:08:20...processing table import_maps
2016-08-13 15:08:21...creating table import_maps
2016-08-13 15:08:21...creating Relationship Meta for ImportMap
2016-08-13 15:08:21...processing table users_last_import
2016-08-13 15:08:22...creating table users_last_import
2016-08-13 15:08:22...creating Relationship Meta for UsersLastImport
2016-08-13 15:08:22...processing table config
2016-08-13 15:08:22...creating table config
2016-08-13 15:08:22...creating Relationship Meta for Administration
2016-08-13 15:08:22...processing table upgrade_history
2016-08-13 15:08:23...creating table upgrade_history
2016-08-13 15:08:23...creating Relationship Meta for UpgradeHistory
2016-08-13 15:08:23...processing table vcals
2016-08-13 15:08:24...creating table vcals
2016-08-13 15:08:24...creating Relationship Meta for vCal
2016-08-13 15:08:24...processing table alerts
2016-08-13 15:08:24...creating table alerts
2016-08-13 15:08:24...creating Relationship Meta for Alert
2016-08-13 15:08:25...processing table roles
2016-08-13 15:08:25...creating table roles
2016-08-13 15:08:25...creating Relationship Meta for Role
2016-08-13 15:08:25...processing table documents
2016-08-13 15:08:27...creating table documents
2016-08-13 15:08:27...creating Relationship Meta for Document
2016-08-13 15:08:27...processing table document_revisions
2016-08-13 15:08:27...creating table document_revisions
2016-08-13 15:08:27...creating Relationship Meta for DocumentRevision
2016-08-13 15:08:27...processing table fields_meta_data
2016-08-13 15:08:28...creating table fields_meta_data
2016-08-13 15:08:28...creating Relationship Meta for FieldsMetaData
2016-08-13 15:08:28...processing table inbound_email
2016-08-13 15:08:28...creating table inbound_email
2016-08-13 15:08:28...creating Relationship Meta for InboundEmail
2016-08-13 15:08:29...processing table saved_search
2016-08-13 15:08:29...creating table saved_search
2016-08-13 15:08:29...creating Relationship Meta for SavedSearch
2016-08-13 15:08:29...processing table user_preferences
2016-08-13 15:08:29...creating table user_preferences
2016-08-13 15:08:29...creating Relationship Meta for UserPreference
2016-08-13 15:08:29...processing table 
2016-08-13 15:08:29...processing table email_addresses
2016-08-13 15:08:30...creating table email_addresses
2016-08-13 15:08:30...creating Relationship Meta for EmailAddress
2016-08-13 15:08:30...processing table emails_text
2016-08-13 15:08:30...creating table emails_text
2016-08-13 15:08:30...creating Relationship Meta for EmailText
2016-08-13 15:08:30...processing table sugarfeed
2016-08-13 15:08:30...creating table sugarfeed
2016-08-13 15:08:30...creating Relationship Meta for SugarFeed
2016-08-13 15:08:31...processing table eapm
2016-08-13 15:08:32...creating table eapm
2016-08-13 15:08:32...creating Relationship Meta for EAPM
2016-08-13 15:08:32...processing table oauth_consumer
2016-08-13 15:08:32...creating table oauth_consumer
2016-08-13 15:08:32...creating Relationship Meta for OAuthKey
2016-08-13 15:08:33...processing table oauth_tokens
2016-08-13 15:08:34...creating table oauth_tokens
2016-08-13 15:08:34...creating Relationship Meta for OAuthToken
2016-08-13 15:08:34...processing table am_projecttemplates
2016-08-13 15:08:36...creating table am_projecttemplates
2016-08-13 15:08:36...creating Relationship Meta for AM_ProjectTemplates
2016-08-13 15:08:36...processing table am_tasktemplates
2016-08-13 15:08:40...creating table am_tasktemplates
2016-08-13 15:08:40...creating Relationship Meta for AM_TaskTemplates
2016-08-13 15:08:40...processing table favorites
2016-08-13 15:08:41...creating table favorites
2016-08-13 15:08:41...creating Relationship Meta for Favorites
2016-08-13 15:08:41...processing table aok_knowledge_base_categories
2016-08-13 15:08:43...creating table aok_knowledge_base_categories
2016-08-13 15:08:43...creating Relationship Meta for AOK_Knowledge_Base_Categories
2016-08-13 15:08:43...processing table aok_knowledgebase
2016-08-13 15:08:44...creating table aok_knowledgebase
2016-08-13 15:08:44...creating Relationship Meta for AOK_KnowledgeBase
2016-08-13 15:08:45...processing table reminders
2016-08-13 15:08:45...creating table reminders
2016-08-13 15:08:45...creating Relationship Meta for Reminder
2016-08-13 15:08:45...processing table reminders_invitees
2016-08-13 15:08:46...creating table reminders_invitees
2016-08-13 15:08:46...creating Relationship Meta for Reminder_Invitee
2016-08-13 15:08:47...processing table fp_events
2016-08-13 15:08:48...creating table fp_events
2016-08-13 15:08:48...creating Relationship Meta for FP_events
2016-08-13 15:08:48...processing table fp_event_locations
2016-08-13 15:08:51...creating table fp_event_locations
2016-08-13 15:08:51...creating Relationship Meta for FP_Event_Locations
2016-08-13 15:08:51...processing table aod_indexevent
2016-08-13 15:08:53...creating table aod_indexevent
2016-08-13 15:08:53...creating Relationship Meta for AOD_IndexEvent
2016-08-13 15:08:53...processing table aod_index
2016-08-13 15:08:54...creating table aod_index
2016-08-13 15:08:54...creating Relationship Meta for AOD_Index
2016-08-13 15:08:54...processing table aop_case_events
2016-08-13 15:08:56...creating table aop_case_events
2016-08-13 15:08:56...creating Relationship Meta for AOP_Case_Events
2016-08-13 15:08:56...processing table aop_case_updates
2016-08-13 15:08:58...creating table aop_case_updates
2016-08-13 15:08:58...creating Relationship Meta for AOP_Case_Updates
2016-08-13 15:08:58...processing table aor_reports
2016-08-13 15:09:01...creating table aor_reports
2016-08-13 15:09:01...creating Relationship Meta for AOR_Report
2016-08-13 15:09:02...processing table aor_fields
2016-08-13 15:09:03...creating table aor_fields
2016-08-13 15:09:03...creating Relationship Meta for AOR_Field
2016-08-13 15:09:03...processing table aor_charts
2016-08-13 15:09:04...creating table aor_charts
2016-08-13 15:09:04...creating Relationship Meta for AOR_Chart
2016-08-13 15:09:04...processing table aor_conditions
2016-08-13 15:09:04...creating table aor_conditions
2016-08-13 15:09:04...creating Relationship Meta for AOR_Condition
2016-08-13 15:09:05...processing table aor_scheduled_reports
2016-08-13 15:09:06...creating table aor_scheduled_reports
2016-08-13 15:09:06...creating Relationship Meta for AOR_Scheduled_Reports
2016-08-13 15:09:06...processing table aos_contracts
2016-08-13 15:09:08...creating table aos_contracts
2016-08-13 15:09:08...creating Relationship Meta for AOS_Contracts
2016-08-13 15:09:09...processing table aos_invoices
2016-08-13 15:09:10...creating table aos_invoices
2016-08-13 15:09:10...creating Relationship Meta for AOS_Invoices
2016-08-13 15:09:10...processing table aos_pdf_templates
2016-08-13 15:09:13...creating table aos_pdf_templates
2016-08-13 15:09:13...creating Relationship Meta for AOS_PDF_Templates
2016-08-13 15:09:13...processing table aos_product_categories
2016-08-13 15:09:14...creating table aos_product_categories
2016-08-13 15:09:14...creating Relationship Meta for AOS_Product_Categories
2016-08-13 15:09:14...processing table aos_products
2016-08-13 15:09:16...creating table aos_products
2016-08-13 15:09:16...creating Relationship Meta for AOS_Products
2016-08-13 15:09:17...processing table aos_products_quotes
2016-08-13 15:09:19...creating table aos_products_quotes
2016-08-13 15:09:19...creating Relationship Meta for AOS_Products_Quotes
2016-08-13 15:09:20...processing table aos_line_item_groups
2016-08-13 15:09:26...creating table aos_line_item_groups
2016-08-13 15:09:26...creating Relationship Meta for AOS_Line_Item_Groups
2016-08-13 15:09:26...processing table aos_quotes
2016-08-13 15:09:28...creating table aos_quotes
2016-08-13 15:09:28...creating Relationship Meta for AOS_Quotes
2016-08-13 15:09:28...processing table aow_actions
2016-08-13 15:09:29...creating table aow_actions
2016-08-13 15:09:29...creating Relationship Meta for AOW_Action
2016-08-13 15:09:29...processing table aow_workflow
2016-08-13 15:09:32...creating table aow_workflow
2016-08-13 15:09:32...creating Relationship Meta for AOW_WorkFlow
2016-08-13 15:09:32...processing table aow_processed
2016-08-13 15:09:34...creating table aow_processed
2016-08-13 15:09:34...creating Relationship Meta for AOW_Processed
2016-08-13 15:09:34...processing table aow_conditions
2016-08-13 15:09:34...creating table aow_conditions
2016-08-13 15:09:34...creating Relationship Meta for AOW_Condition
2016-08-13 15:09:34...processing table jjwg_maps
2016-08-13 15:09:38...creating table jjwg_maps
2016-08-13 15:09:38...creating Relationship Meta for jjwg_Maps
2016-08-13 15:09:38...processing table jjwg_markers
2016-08-13 15:09:40...creating table jjwg_markers
2016-08-13 15:09:40...creating Relationship Meta for jjwg_Markers
2016-08-13 15:09:40...processing table jjwg_areas
2016-08-13 15:09:42...creating table jjwg_areas
2016-08-13 15:09:42...creating Relationship Meta for jjwg_Areas
2016-08-13 15:09:42...processing table jjwg_address_cache
2016-08-13 15:09:43...creating table jjwg_address_cache
2016-08-13 15:09:43...creating Relationship Meta for jjwg_Address_Cache
2016-08-13 15:09:43...processing table calls_reschedule
2016-08-13 15:09:44...creating table calls_reschedule
2016-08-13 15:09:44...creating Relationship Meta for Calls_Reschedule
2016-08-13 15:09:45...processing table securitygroups
2016-08-13 15:09:46...creating table securitygroups
2016-08-13 15:09:46...creating Relationship Meta for SecurityGroup
2016-08-13 15:09:46...processing table outbound_email
2016-08-13 15:09:49...creating table outbound_email
2016-08-13 15:09:49...creating Relationship Meta for OutboundEmailAccounts
2016-08-13 15:09:49...processing table templatesectionline
2016-08-13 15:09:51...creating table templatesectionline
2016-08-13 15:09:51...creating Relationship Meta for TemplateSectionLine
2016-08-13 15:10:53...Begin creating Defaults
2016-08-13 15:10:53...insert defaults into config table
2016-08-13 15:10:54...Creating default users
2016-08-13 15:10:54...Creating default scheduler jobs
2016-08-13 15:10:55...Enable SugarFeeds
2016-08-13 15:10:56...Installation has completed *********
2016-08-13 15:12:07...populating the db with seed data
2016-08-13 15:12:07...Save configuration settings..
2016-08-13 15:12:07...save locale
2016-08-13 15:12:07...new Administration
2016-08-13 15:12:07...retrieveSettings
2016-08-13 15:12:07...AdminWizard OFF
2016-08-13 15:12:07...saveConfig
2016-08-13 15:12:08...new Configurator
2016-08-13 15:12:08...populateFromPost
2016-08-13 15:12:08...handleOverride
2016-08-13 15:12:08...saveConfig
2016-08-13 15:12:08...new Currency
2016-08-13 15:12:08...retrieve
2016-08-13 15:12:08...DBG: save currency
2016-08-13 15:12:08...Save user settings..
2016-08-13 15:12:08...DBG: SugarThemeRegistry::getDefault
2016-08-13 15:12:08...DBG: require modules/Users/Save.php